<?xml version="1.0" encoding="utf-8"?><testsuites name="pytest tests"><testsuite name="pytest" errors="0" failures="0" skipped="0" tests="11" time="34.919" timestamp="2026-03-02T00:41:23.157275+00:00" hostname="agent-env-891d5c72-728b-40d1-82ff-8a58d7328fb3"><testcase classname="backend.tests.test_price_comparison.TestHealthCheck" name="test_health_endpoint" time="0.285" /><testcase classname="backend.tests.test_price_comparison.TestPriceCompareEndpoint" name="test_compare_without_params_returns_error" time="0.124" /><testcase classname="backend.tests.test_price_comparison.TestPriceCompareEndpoint" name="test_compare_with_product_name_returns_live_results" time="6.902" /><testcase classname="backend.tests.test_price_comparison.TestPriceCompareEndpoint" name="test_compare_response_structure" time="6.004" /><testcase classname="backend.tests.test_price_comparison.TestPriceCompareEndpoint" name="test_compare_returns_multiple_stores" time="4.094" /><testcase classname="backend.tests.test_price_comparison.TestProductsGroupedEndpoint" name="test_grouped_without_query" time="0.494" /><testcase classname="backend.tests.test_price_comparison.TestProductsGroupedEndpoint" name="test_grouped_with_query" time="0.131" /><testcase classname="backend.tests.test_price_comparison.TestProductsGroupedEndpoint" name="test_grouped_with_category_filter" time="0.123" /><testcase classname="backend.tests.test_price_comparison.TestProductsGroupedEndpoint" name="test_grouped_with_live_enrichment" time="16.388" /><testcase classname="backend.tests.test_price_comparison.TestProductsGroupedEndpoint" name="test_grouped_response_structure" time="0.169" /><testcase classname="backend.tests.test_price_comparison.TestCuratedProductsEndpoint" name="test_curated_products_exist" time="0.139" /></testsuite></testsuites>