<?xml version="1.0" encoding="utf-8"?><testsuites name="pytest tests"><testsuite name="pytest" errors="0" failures="0" skipped="0" tests="4" time="0.488" timestamp="2026-02-28T21:24:14.706136+00:00" hostname="agent-env-28de5390-3aa4-431c-98f3-f793c4b43c02"><testcase classname="backend.tests.test_monetization_endpoints" name="test_health_endpoint" time="0.008" /><testcase classname="backend.tests.test_monetization_endpoints" name="test_affiliate_click_tracking_and_metrics_increment" time="0.128" /><testcase classname="backend.tests.test_monetization_endpoints" name="test_consultation_lead_submit_and_metrics_increment" time="0.126" /><testcase classname="backend.tests.test_monetization_endpoints" name="test_contact_lead_submit_and_metrics_increment" time="0.127" /></testsuite></testsuites>