<?xml version="1.0" encoding="utf-8"?><testsuites name="pytest tests"><testsuite name="pytest" errors="0" failures="0" skipped="0" tests="4" time="0.842" timestamp="2026-03-01T00:01:18.110174+00:00" hostname="agent-env-b1ee90de-c0cb-4a67-b9ba-2ea9446a6f82"><testcase classname="backend.tests.test_monetization_endpoints" name="test_health_endpoint" time="0.150" /><testcase classname="backend.tests.test_monetization_endpoints" name="test_affiliate_click_tracking_and_metrics_increment" time="0.167" /><testcase classname="backend.tests.test_monetization_endpoints" name="test_consultation_lead_submit_and_metrics_increment" time="0.167" /><testcase classname="backend.tests.test_monetization_endpoints" name="test_contact_lead_submit_and_metrics_increment" time="0.183" /></testsuite></testsuites>