<?xml version="1.0" encoding="utf-8"?><testsuites name="pytest tests"><testsuite name="pytest" errors="0" failures="2" skipped="0" tests="13" time="16.564" timestamp="2026-03-01T23:12:51.194904+00:00" hostname="agent-env-b1ee90de-c0cb-4a67-b9ba-2ea9446a6f82"><testcase classname="backend.tests.test_search_endpoints.TestSearchProducts" name="test_search_products_basic_query" time="2.980" /><testcase classname="backend.tests.test_search_endpoints.TestSearchProducts" name="test_search_products_with_max_results" time="2.623" /><testcase classname="backend.tests.test_search_endpoints.TestSearchProducts" name="test_search_products_with_category_filter" time="2.305" /><testcase classname="backend.tests.test_search_endpoints.TestSearchProducts" name="test_search_products_with_style_filter" time="2.167" /><testcase classname="backend.tests.test_search_endpoints.TestSearchProducts" name="test_search_products_with_price_filter" time="2.321" /><testcase classname="backend.tests.test_search_endpoints.TestSearchProducts" name="test_search_products_empty_query_fails" time="2.368"><failure message="AssertionError: assert (200 in [400, 422] or (200 == 200 and [{'category':...ne, ...}, ...] == []&#10; +  where 200 = &lt;Response [200]&gt;.status_code&#10; +  and   200 = &lt;Response [200]&gt;.status_code&#10;  &#10;  Left contains 18 more items, first extra item: {'category': 'lamp', 'description': 'Shop Wayfair for A Zillion Things Home across all styles and budgets. 5,000 brands of furniture , lighting, cookware, and more. Free Shipping on most items.', 'id': '1a12bffd9269', 'image': None, ...}&#10;  &#10;  Full diff:&#10;  - []&#10;  + [&#10;  +     {...&#10;  &#10;  ...Full output truncated (236 lines hidden), use '-vv' to show))">backend/tests/test_search_endpoints.py:111: in test_search_products_empty_query_fails
    assert response.status_code in [400, 422] or (response.status_code == 200 and response.json().get("products", []) == [])
E   AssertionError: assert (200 in [400, 422] or (200 == 200 and [{'category':...ne, ...}, ...] == []
E    +  where 200 = &lt;Response [200]&gt;.status_code
E    +  and   200 = &lt;Response [200]&gt;.status_code
E     
E     Left contains 18 more items, first extra item: {'category': 'lamp', 'description': 'Shop Wayfair for A Zillion Things Home across all styles and budgets. 5,000 brands of furniture , lighting, cookware, and more. Free Shipping on most items.', 'id': '1a12bffd9269', 'image': None, ...}
E     
E     Full diff:
E     - []
E     + [
E     +     {...
E     
E     ...Full output truncated (236 lines hidden), use '-vv' to show))</failure></testcase><testcase classname="backend.tests.test_search_endpoints.TestSearchImages" name="test_search_images_basic_query" time="0.725" /><testcase classname="backend.tests.test_search_endpoints.TestSearchImages" name="test_search_images_with_max_results" time="0.276"><failure message="AssertionError: assert False == True&#10; +  where False = &lt;built-in method get of dict object at 0xfbe7867ad740&gt;('ok')&#10; +    where &lt;built-in method get of dict object at 0xfbe7867ad740&gt; = {'error': 'No results found.', 'images': [], 'ok': False}.get">backend/tests/test_search_endpoints.py:149: in test_search_images_with_max_results
    assert data.get("ok") == True
E   AssertionError: assert False == True
E    +  where False = &lt;built-in method get of dict object at 0xfbe7867ad740&gt;('ok')
E    +    where &lt;built-in method get of dict object at 0xfbe7867ad740&gt; = {'error': 'No results found.', 'images': [], 'ok': False}.get</failure></testcase><testcase classname="backend.tests.test_search_endpoints.TestSearchSuggestions" name="test_suggestions_basic_query" time="0.119" /><testcase classname="backend.tests.test_search_endpoints.TestSearchSuggestions" name="test_suggestions_short_query_fails" time="0.168" /><testcase classname="backend.tests.test_search_endpoints.TestExistingEndpoints" name="test_health_endpoint" time="0.138" /><testcase classname="backend.tests.test_search_endpoints.TestExistingEndpoints" name="test_affiliate_click_tracking" time="0.123" /><testcase classname="backend.tests.test_search_endpoints.TestExistingEndpoints" name="test_monetization_metrics" time="0.124" /></testsuite></testsuites>