<?xml version="1.0" encoding="utf-8"?><testsuites name="pytest tests"><testsuite name="pytest" errors="0" failures="0" skipped="0" tests="13" time="16.239" timestamp="2026-03-01T23:13:22.378947+00:00" hostname="agent-env-b1ee90de-c0cb-4a67-b9ba-2ea9446a6f82"><testcase classname="backend.tests.test_search_endpoints.TestSearchProducts" name="test_search_products_basic_query" time="2.653" /><testcase classname="backend.tests.test_search_endpoints.TestSearchProducts" name="test_search_products_with_max_results" time="2.517" /><testcase classname="backend.tests.test_search_endpoints.TestSearchProducts" name="test_search_products_with_category_filter" time="2.205" /><testcase classname="backend.tests.test_search_endpoints.TestSearchProducts" name="test_search_products_with_style_filter" time="2.642" /><testcase classname="backend.tests.test_search_endpoints.TestSearchProducts" name="test_search_products_with_price_filter" time="1.854" /><testcase classname="backend.tests.test_search_endpoints.TestSearchProducts" name="test_search_products_empty_query" time="2.146" /><testcase classname="backend.tests.test_search_endpoints.TestSearchImages" name="test_search_images_basic_query" time="0.634" /><testcase classname="backend.tests.test_search_endpoints.TestSearchImages" name="test_search_images_with_max_results" time="0.883" /><testcase classname="backend.tests.test_search_endpoints.TestSearchSuggestions" name="test_suggestions_basic_query" time="0.166" /><testcase classname="backend.tests.test_search_endpoints.TestSearchSuggestions" name="test_suggestions_short_query_fails" time="0.104" /><testcase classname="backend.tests.test_search_endpoints.TestExistingEndpoints" name="test_health_endpoint" time="0.137" /><testcase classname="backend.tests.test_search_endpoints.TestExistingEndpoints" name="test_affiliate_click_tracking" time="0.120" /><testcase classname="backend.tests.test_search_endpoints.TestExistingEndpoints" name="test_monetization_metrics" time="0.110" /></testsuite></testsuites>